<?xml version="1.0" encoding="UTF-8"?>
<!-- Generated by org.testng.reporters.JUnitReportReporter -->
<testsuite hostname="xvx" name="Maven.com.Maven.Demo.VerifyTitle" tests="1" failures="0" timestamp="20 Jul 2016 06:22:04 GMT" time="0.077" errors="0">
  <testcase name="test123" time="0.077" classname="Maven.com.Maven.Demo.VerifyTitle"/>
</testsuite> <!-- Maven.com.Maven.Demo.VerifyTitle -->
