<?xml version="1.0" encoding="UTF-8"?>
<!-- Generated by org.testng.reporters.JUnitReportReporter -->
<testsuite hostname="xvx" name="com.finance.testscripts.LoginTest" tests="1" failures="0" timestamp="22 Jul 2016 05:14:43 GMT" time="89.679" errors="0">
  <testcase name="performLogin" time="89.679" classname="com.finance.testscripts.LoginTest"/>
</testsuite> <!-- com.finance.testscripts.LoginTest -->
